[4/6/2023, 12:48:44 AM] server	 employee-route.js - { _id: new ObjectId("6421abea3eb479a4d926a0c3"), empId: 1010 }
[4/6/2023, 12:51:44 AM] server	 employee-route.js - { _id: new ObjectId("6421abea3eb479a4d926a0c3"), empId: 1010 }
[4/6/2023, 12:52:42 AM] server	 employee-route.js - { _id: new ObjectId("6421abea3eb479a4d926a0c3"), empId: 1010 }
[4/6/2023, 12:52:45 AM] server	 employee-route.js - { _id: new ObjectId("6421abea3eb479a4d926a0c3"), empId: 1010 }
[4/6/2023, 12:52:45 AM] server	 employee-route.js - { _id: new ObjectId("6421abea3eb479a4d926a0c3"), empId: 1010 }
[4/6/2023, 12:52:49 AM] server	 employee-route.js - { _id: new ObjectId("6421abea3eb479a4d926a0c3"), empId: 1010 }
[4/6/2023, 12:52:58 AM] server	 employee-route.js - { _id: new ObjectId("6421abea3eb479a4d926a0c3"), empId: 1010 }
[4/6/2023, 12:53:05 AM] server	 employee-route.js - { _id: new ObjectId("6421abea3eb479a4d926a0c3"), empId: 1010 }
[4/6/2023, 12:53:05 AM] server	 employee-route.js - { _id: new ObjectId("6421abea3eb479a4d926a0c3"), empId: 1010 }
[4/6/2023, 12:53:05 AM] server	 employee-route.js - { _id: new ObjectId("6421abea3eb479a4d926a0c3"), empId: 1010 }
[4/6/2023, 12:53:05 AM] server	 employee-route.js - { _id: new ObjectId("6421abea3eb479a4d926a0c3"), empId: 1010 }
[4/6/2023, 12:53:10 AM] server	 employee-route.js - { _id: new ObjectId("6421abea3eb479a4d926a0c3"), empId: 1010 }
[4/6/2023, 12:53:11 AM] server	 employee-route.js - { _id: new ObjectId("6421abea3eb479a4d926a0c3"), empId: 1010 }
[4/6/2023, 12:53:11 AM] server	 employee-route.js - { _id: new ObjectId("6421abea3eb479a4d926a0c3"), empId: 1010 }
[4/6/2023, 12:53:11 AM] server	 employee-route.js - { _id: new ObjectId("6421abea3eb479a4d926a0c3"), empId: 1010 }
[4/6/2023, 12:53:31 AM] server	 employee-route.js - { _id: new ObjectId("6421abea3eb479a4d926a0c3"), empId: 1010 }
[4/6/2023, 12:53:31 AM] server	 employee-route.js - { _id: new ObjectId("6421abea3eb479a4d926a0c3"), empId: 1010 }
[4/6/2023, 12:53:31 AM] server	 employee-route.js - { _id: new ObjectId("6421abea3eb479a4d926a0c3"), empId: 1010 }
[4/6/2023, 12:53:32 AM] server	 employee-route.js - { _id: new ObjectId("6421abea3eb479a4d926a0c3"), empId: 1010 }
[4/6/2023, 1:00:40 AM] server	 employee-route.js - { _id: new ObjectId("6421abea3eb479a4d926a0c3"), empId: 1010 }
[4/6/2023, 1:00:40 AM] server	 employee-route.js - { _id: new ObjectId("6421abea3eb479a4d926a0c3"), empId: 1010 }
[4/6/2023, 1:00:40 AM] server	 employee-route.js - { _id: new ObjectId("6421abea3eb479a4d926a0c3"), empId: 1010 }
[4/6/2023, 1:00:40 AM] server	 employee-route.js - { _id: new ObjectId("6421abea3eb479a4d926a0c3"), empId: 1010 }
[4/6/2023, 1:00:41 AM] server	 employee-route.js - { _id: new ObjectId("6421abea3eb479a4d926a0c3"), empId: 1010 }
[4/6/2023, 1:00:41 AM] server	 employee-route.js - { _id: new ObjectId("6421abea3eb479a4d926a0c3"), empId: 1010 }
[4/6/2023, 1:00:41 AM] server	 employee-route.js - { _id: new ObjectId("6421abea3eb479a4d926a0c3"), empId: 1010 }
[4/6/2023, 1:00:41 AM] server	 employee-route.js - { _id: new ObjectId("6421abea3eb479a4d926a0c3"), empId: 1010 }
[4/6/2023, 1:00:41 AM] server	 employee-route.js - { _id: new ObjectId("6421abea3eb479a4d926a0c3"), empId: 1010 }
[4/6/2023, 1:00:41 AM] server	 employee-route.js - { _id: new ObjectId("6421abea3eb479a4d926a0c3"), empId: 1010 }
[4/6/2023, 1:01:01 AM] server	 employee-route.js - { _id: new ObjectId("6421abea3eb479a4d926a0c3"), empId: 1010 }
[4/6/2023, 1:01:01 AM] server	 employee-route.js - { _id: new ObjectId("6421abea3eb479a4d926a0c3"), empId: 1010 }
[4/6/2023, 1:01:01 AM] server	 employee-route.js - { _id: new ObjectId("6421abea3eb479a4d926a0c3"), empId: 1010 }
[4/6/2023, 1:01:01 AM] server	 employee-route.js - { _id: new ObjectId("6421abea3eb479a4d926a0c3"), empId: 1010 }
[4/6/2023, 1:01:12 AM] server	 employee-route.js - { _id: new ObjectId("6421abea3eb479a4d926a0c3"), empId: 1010 }
[4/6/2023, 1:01:32 AM] server	 employee-route.js - { _id: new ObjectId("6421abea3eb479a4d926a0c3"), empId: 1010 }
[4/6/2023, 1:01:32 AM] server	 employee-route.js - { _id: new ObjectId("6421abea3eb479a4d926a0c3"), empId: 1010 }
[4/6/2023, 1:01:33 AM] server	 employee-route.js - { _id: new ObjectId("6421abea3eb479a4d926a0c3"), empId: 1010 }
[4/6/2023, 1:01:33 AM] server	 employee-route.js - { _id: new ObjectId("6421abea3eb479a4d926a0c3"), empId: 1010 }
[4/6/2023, 1:01:53 AM] server	 employee-route.js - { _id: new ObjectId("6421abea3eb479a4d926a0c3"), empId: 1010 }
[4/6/2023, 1:02:13 AM] server	 employee-route.js - { _id: new ObjectId("6421abea3eb479a4d926a0c3"), empId: 1010 }
[4/6/2023, 1:02:14 AM] server	 employee-route.js - { _id: new ObjectId("6421abea3eb479a4d926a0c3"), empId: 1010 }
[4/6/2023, 1:02:14 AM] server	 employee-route.js - { _id: new ObjectId("6421abea3eb479a4d926a0c3"), empId: 1010 }
[4/6/2023, 1:02:14 AM] server	 employee-route.js - { _id: new ObjectId("6421abea3eb479a4d926a0c3"), empId: 1010 }
[4/6/2023, 1:02:35 AM] server	 employee-route.js - { _id: new ObjectId("6421abea3eb479a4d926a0c3"), empId: 1010 }
[4/6/2023, 1:05:07 AM] server	 employee-route.js - {
  _id: new ObjectId("6421abea3eb479a4d926a0c3"),
  empId: 1010,
  todo: [],
  done: []
}
[4/6/2023, 1:06:51 AM] server	 employee-route.js - {
  _id: new ObjectId("6421abea3eb479a4d926a0c3"),
  empId: 1010,
  todo: [],
  done: []
}
[4/6/2023, 1:07:11 AM] server	 employee-route.js - {
  _id: new ObjectId("6421abea3eb479a4d926a0c3"),
  empId: 1010,
  todo: [],
  done: []
}
[4/6/2023, 1:07:11 AM] server	 employee-route.js - {
  _id: new ObjectId("6421abea3eb479a4d926a0c3"),
  empId: 1010,
  todo: [],
  done: []
}
[4/6/2023, 1:07:11 AM] server	 employee-route.js - {
  _id: new ObjectId("6421abea3eb479a4d926a0c3"),
  empId: 1010,
  todo: [],
  done: []
}
[4/6/2023, 1:07:13 AM] server	 employee-route.js - {
  _id: new ObjectId("6421abea3eb479a4d926a0c3"),
  empId: 1010,
  todo: [],
  done: []
}
[4/6/2023, 1:07:15 AM] server	 employee-route.js - {
  _id: new ObjectId("6421abea3eb479a4d926a0c3"),
  empId: 1010,
  todo: [],
  done: []
}
[4/6/2023, 1:12:56 AM] server	 employee-route.js - {
  _id: new ObjectId("6421abea3eb479a4d926a0c3"),
  empId: 1010,
  todo: [],
  done: []
}
[4/6/2023, 1:16:23 AM] server	 employee-route.js - {
  _id: new ObjectId("6421abea3eb479a4d926a0c3"),
  empId: 1010,
  todo: [],
  done: []
}
[4/6/2023, 1:16:24 AM] server	 employee-route.js - {
  _id: new ObjectId("6421abea3eb479a4d926a0c3"),
  empId: 1010,
  todo: [],
  done: []
}
[4/6/2023, 1:16:30 AM] server	 employee-route.js - {
  _id: new ObjectId("6421abea3eb479a4d926a0c3"),
  empId: 1010,
  todo: [],
  done: []
}
[4/6/2023, 1:16:30 AM] server	 employee-route.js - {
  _id: new ObjectId("6421abea3eb479a4d926a0c3"),
  empId: 1010,
  todo: [],
  done: []
}
[4/6/2023, 1:16:44 AM] server	 employee-route.js - {
  _id: new ObjectId("6421abea3eb479a4d926a0c3"),
  empId: 1010,
  todo: [],
  done: []
}
[4/6/2023, 1:16:44 AM] server	 employee-route.js - {
  _id: new ObjectId("6421abea3eb479a4d926a0c3"),
  empId: 1010,
  todo: [],
  done: []
}
[4/6/2023, 1:18:06 AM] server	 employee-route.js - {
  _id: new ObjectId("6421abea3eb479a4d926a0c3"),
  empId: 1010,
  todo: [],
  done: []
}
[4/6/2023, 1:18:07 AM] server	 employee-route.js - {
  _id: new ObjectId("6421abea3eb479a4d926a0c3"),
  empId: 1010,
  todo: [],
  done: []
}
[4/6/2023, 1:18:07 AM] server	 employee-route.js - {
  _id: new ObjectId("6421abea3eb479a4d926a0c3"),
  empId: 1010,
  todo: [],
  done: []
}
[4/6/2023, 1:18:07 AM] server	 employee-route.js - {
  _id: new ObjectId("6421abea3eb479a4d926a0c3"),
  empId: 1010,
  todo: [],
  done: []
}
[4/6/2023, 1:18:09 AM] server	 employee-route.js - {
  _id: new ObjectId("6421abea3eb479a4d926a0c3"),
  empId: 1010,
  todo: [],
  done: []
}
[4/6/2023, 1:18:09 AM] server	 employee-route.js - {
  _id: new ObjectId("6421abea3eb479a4d926a0c3"),
  empId: 1010,
  todo: [],
  done: []
}
[4/6/2023, 1:18:09 AM] server	 employee-route.js - {
  _id: new ObjectId("6421abea3eb479a4d926a0c3"),
  empId: 1010,
  todo: [],
  done: []
}
[4/6/2023, 1:18:30 AM] server	 employee-route.js - {
  _id: new ObjectId("6421abea3eb479a4d926a0c3"),
  empId: 1010,
  todo: [],
  done: []
}
[4/6/2023, 1:18:30 AM] server	 employee-route.js - {
  _id: new ObjectId("6421abea3eb479a4d926a0c3"),
  empId: 1010,
  todo: [],
  done: []
}
[4/6/2023, 1:22:26 AM] server	 employee-route.js - {
  _id: new ObjectId("6421abea3eb479a4d926a0c3"),
  empId: 1010,
  todo: [],
  done: []
}
[4/6/2023, 1:22:46 AM] server	 employee-route.js - {
  _id: new ObjectId("6421abea3eb479a4d926a0c3"),
  empId: 1010,
  todo: [],
  done: []
}
[4/6/2023, 1:22:47 AM] server	 employee-route.js - {
  _id: new ObjectId("6421abea3eb479a4d926a0c3"),
  empId: 1010,
  todo: [],
  done: []
}
[4/6/2023, 1:26:41 AM] server	 employee-route.js - {
  _id: new ObjectId("6421abea3eb479a4d926a0c3"),
  empId: 1010,
  todo: [],
  done: []
}
[4/6/2023, 1:31:00 AM] server	 employee-route.js - {
  _id: new ObjectId("6421abea3eb479a4d926a0c3"),
  empId: 1010,
  todo: [],
  done: []
}
[4/6/2023, 1:31:44 AM] server	 employee-route.js - {
  _id: new ObjectId("6421abea3eb479a4d926a0c3"),
  empId: 1010,
  todo: [],
  done: []
}
[4/6/2023, 1:32:04 AM] server	 employee-route.js - {
  _id: new ObjectId("6421abea3eb479a4d926a0c3"),
  empId: 1010,
  todo: [],
  done: []
}
[4/6/2023, 1:32:09 AM] server	 employee-route.js - {
  _id: new ObjectId("6421abea3eb479a4d926a0c3"),
  empId: 1010,
  todo: [],
  done: []
}
[4/6/2023, 1:32:10 AM] server	 employee-route.js - {
  _id: new ObjectId("6421abea3eb479a4d926a0c3"),
  empId: 1010,
  todo: [],
  done: []
}
[4/6/2023, 1:38:38 AM] server	 employee-route.js - {
  _id: new ObjectId("6421abea3eb479a4d926a0c3"),
  empId: 1010,
  todo: [],
  done: []
}
[4/6/2023, 1:44:06 AM] server	 employee-route.js - {
  _id: new ObjectId("6421abea3eb479a4d926a0c3"),
  empId: 1010,
  todo: [],
  done: []
}
[4/6/2023, 1:44:11 AM] server	 employee-route.js - {
  _id: new ObjectId("6421abea3eb479a4d926a0c3"),
  empId: 1010,
  firstName: 'Bob',
  lastName: 'Marley',
  todo: [ { text: 'eat', _id: new ObjectId("642e23ebd9044a89e1ac82dc") } ],
  done: [],
  __v: 1
}
[4/6/2023, 1:45:05 AM] server	 employee-route.js - {
  _id: new ObjectId("6421abea3eb479a4d926a0c3"),
  empId: 1010,
  done: [],
  todo: [ { text: 'eat', _id: new ObjectId("642e23ebd9044a89e1ac82dc") } ]
}
[4/6/2023, 1:45:27 AM] server	 employee-route.js - {
  _id: new ObjectId("6421abea3eb479a4d926a0c3"),
  empId: 1010,
  done: [],
  todo: [ { text: 'eat', _id: new ObjectId("642e23ebd9044a89e1ac82dc") } ]
}
[4/6/2023, 1:45:55 AM] server	 employee-route.js - {
  _id: new ObjectId("6421abea3eb479a4d926a0c3"),
  empId: 1010,
  done: [],
  todo: [ { text: 'eat', _id: new ObjectId("642e23ebd9044a89e1ac82dc") } ]
}
[4/6/2023, 1:46:11 AM] server	 employee-route.js - {
  _id: new ObjectId("6421abea3eb479a4d926a0c3"),
  empId: 1010,
  done: [],
  todo: [ { text: 'eat', _id: new ObjectId("642e23ebd9044a89e1ac82dc") } ]
}
[4/6/2023, 1:46:13 AM] server	 employee-route.js - {
  _id: new ObjectId("6421abea3eb479a4d926a0c3"),
  empId: 1010,
  done: [],
  todo: [ { text: 'eat', _id: new ObjectId("642e23ebd9044a89e1ac82dc") } ]
}
[4/6/2023, 1:46:22 AM] server	 employee-route.js - {
  _id: new ObjectId("6421abea3eb479a4d926a0c3"),
  empId: 1010,
  firstName: 'Bob',
  lastName: 'Marley',
  __v: 2,
  done: [],
  todo: [
    { text: 'eat', _id: new ObjectId("642e23ebd9044a89e1ac82dc") },
    { text: 'Walk', _id: new ObjectId("642e246dd9044a89e1ac82ea") }
  ]
}
[4/6/2023, 1:46:54 AM] server	 employee-route.js - {
  _id: new ObjectId("6421abea3eb479a4d926a0c3"),
  empId: 1010,
  done: [],
  todo: [
    { text: 'eat', _id: new ObjectId("642e23ebd9044a89e1ac82dc") },
    { text: 'Walk', _id: new ObjectId("642e246dd9044a89e1ac82ea") }
  ]
}
[4/6/2023, 1:46:55 AM] server	 employee-route.js - {
  _id: new ObjectId("6421abea3eb479a4d926a0c3"),
  empId: 1010,
  done: [],
  todo: [
    { text: 'eat', _id: new ObjectId("642e23ebd9044a89e1ac82dc") },
    { text: 'Walk', _id: new ObjectId("642e246dd9044a89e1ac82ea") }
  ]
}
[4/6/2023, 1:47:30 AM] server	 employee-route.js - {
  _id: new ObjectId("6421abea3eb479a4d926a0c3"),
  empId: 1010,
  done: [],
  todo: [
    { text: 'eat', _id: new ObjectId("642e23ebd9044a89e1ac82dc") },
    { text: 'Walk', _id: new ObjectId("642e246dd9044a89e1ac82ea") }
  ]
}
[4/6/2023, 1:47:35 AM] server	 employee-route.js - {
  _id: new ObjectId("6421abea3eb479a4d926a0c3"),
  empId: 1010,
  done: [],
  todo: [
    { text: 'eat', _id: new ObjectId("642e23ebd9044a89e1ac82dc") },
    { text: 'Walk', _id: new ObjectId("642e246dd9044a89e1ac82ea") }
  ]
}
[4/6/2023, 1:57:03 AM] server	 employee-route.js - {
  _id: new ObjectId("6421abea3eb479a4d926a0c3"),
  empId: 1010,
  done: [],
  todo: [
    { text: 'eat', _id: new ObjectId("642e23ebd9044a89e1ac82dc") },
    { text: 'Walk', _id: new ObjectId("642e246dd9044a89e1ac82ea") }
  ]
}
[4/6/2023, 1:57:07 AM] server	 employee-route.js - {
  _id: new ObjectId("6421abea3eb479a4d926a0c3"),
  empId: 1010,
  done: [],
  todo: [
    { text: 'eat', _id: new ObjectId("642e23ebd9044a89e1ac82dc") },
    { text: 'Walk', _id: new ObjectId("642e246dd9044a89e1ac82ea") }
  ]
}
[4/6/2023, 1:57:08 AM] server	 employee-route.js - {
  _id: new ObjectId("6421abea3eb479a4d926a0c3"),
  empId: 1010,
  done: [],
  todo: [
    { text: 'eat', _id: new ObjectId("642e23ebd9044a89e1ac82dc") },
    { text: 'Walk', _id: new ObjectId("642e246dd9044a89e1ac82ea") }
  ]
}
[4/6/2023, 1:57:14 AM] server	 employee-route.js - {
  _id: new ObjectId("6421abea3eb479a4d926a0c3"),
  empId: 1010,
  done: [],
  todo: [
    { text: 'eat', _id: new ObjectId("642e23ebd9044a89e1ac82dc") },
    { text: 'Walk', _id: new ObjectId("642e246dd9044a89e1ac82ea") }
  ]
}
[4/6/2023, 1:57:18 AM] server	 employee-route.js - {
  _id: new ObjectId("6421abea3eb479a4d926a0c3"),
  empId: 1010,
  done: [],
  todo: [
    { text: 'eat', _id: new ObjectId("642e23ebd9044a89e1ac82dc") },
    { text: 'Walk', _id: new ObjectId("642e246dd9044a89e1ac82ea") }
  ]
}
[4/6/2023, 1:57:31 AM] server	 employee-route.js - {
  _id: new ObjectId("6421abea3eb479a4d926a0c3"),
  empId: 1010,
  done: [],
  todo: [
    { text: 'eat', _id: new ObjectId("642e23ebd9044a89e1ac82dc") },
    { text: 'Walk', _id: new ObjectId("642e246dd9044a89e1ac82ea") }
  ]
}
[4/6/2023, 1:57:34 AM] server	 employee-route.js - {
  _id: new ObjectId("6421abea3eb479a4d926a0c3"),
  empId: 1010,
  done: [],
  todo: [
    { text: 'eat', _id: new ObjectId("642e23ebd9044a89e1ac82dc") },
    { text: 'Walk', _id: new ObjectId("642e246dd9044a89e1ac82ea") }
  ]
}
[4/6/2023, 1:57:37 AM] server	 employee-route.js - {
  _id: new ObjectId("6421abea3eb479a4d926a0c3"),
  empId: 1010,
  done: [],
  todo: [
    { text: 'eat', _id: new ObjectId("642e23ebd9044a89e1ac82dc") },
    { text: 'Walk', _id: new ObjectId("642e246dd9044a89e1ac82ea") }
  ]
}
[4/6/2023, 1:57:43 AM] server	 employee-route.js - {
  _id: new ObjectId("6421abea3eb479a4d926a0c3"),
  empId: 1010,
  done: [],
  todo: [
    { text: 'eat', _id: new ObjectId("642e23ebd9044a89e1ac82dc") },
    { text: 'Walk', _id: new ObjectId("642e246dd9044a89e1ac82ea") }
  ]
}
[4/6/2023, 1:57:45 AM] server	 employee-route.js - {
  _id: new ObjectId("6421abea3eb479a4d926a0c3"),
  empId: 1010,
  done: [],
  todo: [
    { text: 'eat', _id: new ObjectId("642e23ebd9044a89e1ac82dc") },
    { text: 'Walk', _id: new ObjectId("642e246dd9044a89e1ac82ea") }
  ]
}
[4/6/2023, 1:57:59 AM] server	 employee-route.js - {
  _id: new ObjectId("6421abea3eb479a4d926a0c3"),
  empId: 1010,
  done: [],
  todo: [
    { text: 'eat', _id: new ObjectId("642e23ebd9044a89e1ac82dc") },
    { text: 'Walk', _id: new ObjectId("642e246dd9044a89e1ac82ea") }
  ]
}
[4/6/2023, 1:58:04 AM] server	 employee-route.js - {
  _id: new ObjectId("6421abea3eb479a4d926a0c3"),
  empId: 1010,
  done: [],
  todo: [
    { text: 'eat', _id: new ObjectId("642e23ebd9044a89e1ac82dc") },
    { text: 'Walk', _id: new ObjectId("642e246dd9044a89e1ac82ea") }
  ]
}
[4/6/2023, 1:58:27 AM] server	 employee-route.js - {
  _id: new ObjectId("6421abea3eb479a4d926a0c3"),
  empId: 1010,
  done: [],
  todo: [
    { text: 'eat', _id: new ObjectId("642e23ebd9044a89e1ac82dc") },
    { text: 'Walk', _id: new ObjectId("642e246dd9044a89e1ac82ea") }
  ]
}
[4/6/2023, 1:58:30 AM] server	 employee-route.js - {
  _id: new ObjectId("6421abea3eb479a4d926a0c3"),
  empId: 1010,
  done: [],
  todo: [
    { text: 'eat', _id: new ObjectId("642e23ebd9044a89e1ac82dc") },
    { text: 'Walk', _id: new ObjectId("642e246dd9044a89e1ac82ea") }
  ]
}
[4/6/2023, 1:58:31 AM] server	 employee-route.js - {
  _id: new ObjectId("6421abea3eb479a4d926a0c3"),
  empId: 1010,
  done: [],
  todo: [
    { text: 'eat', _id: new ObjectId("642e23ebd9044a89e1ac82dc") },
    { text: 'Walk', _id: new ObjectId("642e246dd9044a89e1ac82ea") }
  ]
}
[4/6/2023, 1:58:34 AM] server	 employee-route.js - {
  _id: new ObjectId("6421abea3eb479a4d926a0c3"),
  empId: 1010,
  done: [],
  todo: [
    { text: 'eat', _id: new ObjectId("642e23ebd9044a89e1ac82dc") },
    { text: 'Walk', _id: new ObjectId("642e246dd9044a89e1ac82ea") }
  ]
}
[4/6/2023, 1:58:39 AM] server	 employee-route.js - {
  _id: new ObjectId("6421abea3eb479a4d926a0c3"),
  empId: 1010,
  done: [],
  todo: [
    { text: 'eat', _id: new ObjectId("642e23ebd9044a89e1ac82dc") },
    { text: 'Walk', _id: new ObjectId("642e246dd9044a89e1ac82ea") }
  ]
}
[4/6/2023, 1:58:41 AM] server	 employee-route.js - {
  _id: new ObjectId("6421abea3eb479a4d926a0c3"),
  empId: 1010,
  done: [],
  todo: [
    { text: 'eat', _id: new ObjectId("642e23ebd9044a89e1ac82dc") },
    { text: 'Walk', _id: new ObjectId("642e246dd9044a89e1ac82ea") }
  ]
}
[4/6/2023, 1:58:47 AM] server	 employee-route.js - {
  _id: new ObjectId("6421abea3eb479a4d926a0c3"),
  empId: 1010,
  done: [],
  todo: [
    { text: 'eat', _id: new ObjectId("642e23ebd9044a89e1ac82dc") },
    { text: 'Walk', _id: new ObjectId("642e246dd9044a89e1ac82ea") }
  ]
}
[4/6/2023, 1:58:53 AM] server	 employee-route.js - {
  _id: new ObjectId("6421abea3eb479a4d926a0c3"),
  empId: 1010,
  done: [],
  todo: [
    { text: 'eat', _id: new ObjectId("642e23ebd9044a89e1ac82dc") },
    { text: 'Walk', _id: new ObjectId("642e246dd9044a89e1ac82ea") }
  ]
}
[4/6/2023, 1:58:55 AM] server	 employee-route.js - {
  _id: new ObjectId("6421abea3eb479a4d926a0c3"),
  empId: 1010,
  done: [],
  todo: [
    { text: 'eat', _id: new ObjectId("642e23ebd9044a89e1ac82dc") },
    { text: 'Walk', _id: new ObjectId("642e246dd9044a89e1ac82ea") }
  ]
}
[4/6/2023, 1:58:57 AM] server	 employee-route.js - {
  _id: new ObjectId("6421abea3eb479a4d926a0c3"),
  empId: 1010,
  done: [],
  todo: [
    { text: 'eat', _id: new ObjectId("642e23ebd9044a89e1ac82dc") },
    { text: 'Walk', _id: new ObjectId("642e246dd9044a89e1ac82ea") }
  ]
}
[4/6/2023, 1:58:59 AM] server	 employee-route.js - {
  _id: new ObjectId("6421abea3eb479a4d926a0c3"),
  empId: 1010,
  done: [],
  todo: [
    { text: 'eat', _id: new ObjectId("642e23ebd9044a89e1ac82dc") },
    { text: 'Walk', _id: new ObjectId("642e246dd9044a89e1ac82ea") }
  ]
}
[4/6/2023, 1:59:24 AM] server	 employee-route.js - {
  _id: new ObjectId("6421abea3eb479a4d926a0c3"),
  empId: 1010,
  done: [],
  todo: [
    { text: 'eat', _id: new ObjectId("642e23ebd9044a89e1ac82dc") },
    { text: 'Walk', _id: new ObjectId("642e246dd9044a89e1ac82ea") }
  ]
}
[4/6/2023, 1:59:31 AM] server	 employee-route.js - {
  _id: new ObjectId("6421abea3eb479a4d926a0c3"),
  empId: 1010,
  done: [],
  todo: [
    { text: 'eat', _id: new ObjectId("642e23ebd9044a89e1ac82dc") },
    { text: 'Walk', _id: new ObjectId("642e246dd9044a89e1ac82ea") }
  ]
}
[4/6/2023, 1:59:33 AM] server	 employee-route.js - {
  _id: new ObjectId("6421abea3eb479a4d926a0c3"),
  empId: 1010,
  done: [],
  todo: [
    { text: 'eat', _id: new ObjectId("642e23ebd9044a89e1ac82dc") },
    { text: 'Walk', _id: new ObjectId("642e246dd9044a89e1ac82ea") }
  ]
}
[4/6/2023, 1:59:49 AM] server	 employee-route.js - {
  _id: new ObjectId("6421abea3eb479a4d926a0c3"),
  empId: 1010,
  done: [],
  todo: [
    { text: 'eat', _id: new ObjectId("642e23ebd9044a89e1ac82dc") },
    { text: 'Walk', _id: new ObjectId("642e246dd9044a89e1ac82ea") }
  ]
}
[4/6/2023, 1:59:55 AM] server	 employee-route.js - {
  _id: new ObjectId("6421abea3eb479a4d926a0c3"),
  empId: 1010,
  done: [],
  todo: [
    { text: 'eat', _id: new ObjectId("642e23ebd9044a89e1ac82dc") },
    { text: 'Walk', _id: new ObjectId("642e246dd9044a89e1ac82ea") }
  ]
}
[4/6/2023, 2:00:22 AM] server	 employee-route.js - {
  _id: new ObjectId("6421abea3eb479a4d926a0c3"),
  empId: 1010,
  done: [],
  todo: [
    { text: 'eat', _id: new ObjectId("642e23ebd9044a89e1ac82dc") },
    { text: 'Walk', _id: new ObjectId("642e246dd9044a89e1ac82ea") }
  ]
}
[4/6/2023, 2:00:33 AM] server	 employee-route.js - {
  _id: new ObjectId("6421abea3eb479a4d926a0c3"),
  empId: 1010,
  done: [],
  todo: [
    { text: 'eat', _id: new ObjectId("642e23ebd9044a89e1ac82dc") },
    { text: 'Walk', _id: new ObjectId("642e246dd9044a89e1ac82ea") }
  ]
}
[4/6/2023, 2:00:51 AM] server	 employee-route.js - {
  _id: new ObjectId("6421abea3eb479a4d926a0c3"),
  empId: 1010,
  done: [],
  todo: [
    { text: 'eat', _id: new ObjectId("642e23ebd9044a89e1ac82dc") },
    { text: 'Walk', _id: new ObjectId("642e246dd9044a89e1ac82ea") }
  ]
}
[4/8/2023, 10:35:03 PM] server	 employee-route.js - {
  _id: new ObjectId("6421abea3eb479a4d926a0c3"),
  empId: 1010,
  done: [],
  todo: [
    { text: 'eat', _id: new ObjectId("642e23ebd9044a89e1ac82dc") },
    { text: 'Walk', _id: new ObjectId("642e246dd9044a89e1ac82ea") }
  ]
}
[4/8/2023, 10:35:35 PM] server	 employee-route.js - {
  _id: new ObjectId("6421abea3eb479a4d926a0c3"),
  empId: 1010,
  done: [],
  todo: [
    { text: 'eat', _id: new ObjectId("642e23ebd9044a89e1ac82dc") },
    { text: 'Walk', _id: new ObjectId("642e246dd9044a89e1ac82ea") }
  ]
}
[4/8/2023, 10:46:36 PM] server	 employee-route.js - {
  _id: new ObjectId("6421abea3eb479a4d926a0c3"),
  empId: 1010,
  done: [],
  todo: [
    { text: 'eat', _id: new ObjectId("642e23ebd9044a89e1ac82dc") },
    { text: 'Walk', _id: new ObjectId("642e246dd9044a89e1ac82ea") }
  ]
}
[4/8/2023, 11:27:10 PM] server	 employee-route.js - {
  _id: new ObjectId("6421abea3eb479a4d926a0c3"),
  empId: 1010,
  done: [],
  todo: [
    { text: 'eat', _id: new ObjectId("642e23ebd9044a89e1ac82dc") },
    { text: 'Walk', _id: new ObjectId("642e246dd9044a89e1ac82ea") }
  ]
}
[4/8/2023, 11:49:38 PM] server	 employee-route.js - {
  _id: new ObjectId("6421abea3eb479a4d926a0c3"),
  empId: 1010,
  firstName: 'Bob',
  lastName: 'Marley',
  __v: 3,
  done: [],
  todo: [
    { text: 'eat', _id: new ObjectId("642e23ebd9044a89e1ac82dc") },
    { text: 'Walk', _id: new ObjectId("642e246dd9044a89e1ac82ea") },
    { text: 'string', _id: new ObjectId("643235d192c3f012740f39bc") }
  ]
}
[4/8/2023, 11:56:43 PM] server	 employee-route.js - {
  _id: new ObjectId("6421abea3eb479a4d926a0c3"),
  empId: 1010,
  firstName: 'Bob',
  lastName: 'Marley',
  __v: 4,
  done: [],
  todo: [
    { text: 'eat', _id: new ObjectId("642e23ebd9044a89e1ac82dc") },
    { text: 'Walk', _id: new ObjectId("642e246dd9044a89e1ac82ea") },
    { text: 'string', _id: new ObjectId("643235d192c3f012740f39bc") },
    { text: 'Exercise', _id: new ObjectId("6432377babe3c9fbf1400f45") }
  ]
}
[4/9/2023, 2:50:45 AM] server	 employee-route.js - {
  _id: new ObjectId("6421abea3eb479a4d926a0c3"),
  empId: 1010,
  done: [],
  todo: [
    { text: 'eat', _id: new ObjectId("642e23ebd9044a89e1ac82dc") },
    { text: 'Walk', _id: new ObjectId("642e246dd9044a89e1ac82ea") },
    { text: 'string', _id: new ObjectId("643235d192c3f012740f39bc") },
    { text: 'Exercise', _id: new ObjectId("6432377babe3c9fbf1400f45") }
  ]
}
