[4/11/2023, 11:09:05 AM] server	 employee-route.js - Input must be a number: NaN
[4/11/2023, 11:09:15 AM] server	 employee-route.js - NotFoundError: Not Found
[4/11/2023, 11:09:30 AM] server	 employee-route.js - NotFoundError: Not Found
[4/11/2023, 11:09:37 AM] server	 employee-route.js - Bad Request. Unable to validate req.body schema against tasksSchema
[4/11/2023, 11:10:01 AM] server	 employee-route.js - Bad Request. Unable to validate req.body schema against tasksSchema
[4/11/2023, 11:11:33 AM] server	 employee-route.js - Bad Request. Unable to validate req.body schema against tasksSchema
[4/11/2023, 11:16:15 AM] server	 employee-route.js - Bad Request. Unable to validate req.body schema against tasksSchema
[4/11/2023, 11:16:19 AM] server	 employee-route.js - Bad Request. Unable to validate req.body schema against tasksSchema
[4/11/2023, 11:18:56 AM] server	 employee-route.js - Bad Request. Unable to validate req.body schema against tasksSchema
[4/11/2023, 11:20:48 AM] server	 employee-route.js - Bad Request. Unable to validate req.body schema against tasksSchema
[4/11/2023, 11:20:54 AM] server	 employee-route.js - Bad Request. Unable to validate req.body schema against tasksSchema
[4/11/2023, 11:21:02 AM] server	 employee-route.js - Bad Request. Unable to validate req.body schema against tasksSchema
[4/11/2023, 11:30:02 AM] server	 employee-route.js - Bad Request. Unable to validate req.body schema against tasksSchema
[4/11/2023, 11:32:04 AM] server	 employee-route.js - Bad Request. Unable to validate req.body schema against tasksSchema
[4/12/2023, 12:12:18 AM] server	 employee-route.js - req.params.empId must be a number NaN
[4/12/2023, 12:22:14 AM] server	 employee-route.js - req.params.empId must be a number NaN
[4/12/2023, 12:26:25 AM] server	 employee-route.js - req.params.empId must be a number NaN
[4/12/2023, 12:32:50 AM] server	 employee-route.js - req.params.empId must be a number NaN
[4/12/2023, 12:34:14 AM] server	 employee-route.js - req.params.empId must be a number NaN
[4/12/2023, 12:34:33 AM] server	 employee-route.js - req.params.empId must be a number NaN
[4/12/2023, 12:34:56 AM] server	 employee-route.js - req.params.empId must be a number NaN
[4/12/2023, 12:35:15 AM] server	 employee-route.js - req.params.empId must be a number NaN
[4/12/2023, 12:43:35 AM] server	 employee-route.js - req.params.empId must be a number NaN
[4/12/2023, 1:05:36 AM] server	 employee-route.js - req.params.empId must be a number NaN
[4/12/2023, 1:06:15 AM] server	 employee-route.js - req.params.empId must be a number NaN
[4/12/2023, 1:16:32 AM] server	 employee-route.js - req.params.empId must be a number NaN
[4/12/2023, 1:17:49 AM] server	 employee-route.js - req.params.empId must be a number NaN
[4/12/2023, 1:18:25 AM] server	 employee-route.js - req.params.empId must be a number NaN
[4/12/2023, 2:00:28 AM] server	 employee-route.js - Bad Request. Unable to validate req.body schema against tasksSchema
[4/12/2023, 2:00:52 AM] server	 employee-route.js - Bad Request. Unable to validate req.body schema against tasksSchema
[4/12/2023, 2:00:56 AM] server	 employee-route.js - Bad Request. Unable to validate req.body schema against tasksSchema
[4/12/2023, 2:00:59 AM] server	 employee-route.js - Bad Request. Unable to validate req.body schema against tasksSchema
[4/12/2023, 2:01:02 AM] server	 employee-route.js - Bad Request. Unable to validate req.body schema against tasksSchema
[4/12/2023, 2:01:04 AM] server	 employee-route.js - Bad Request. Unable to validate req.body schema against tasksSchema
[4/12/2023, 2:01:09 AM] server	 employee-route.js - Bad Request. Unable to validate req.body schema against tasksSchema
[4/12/2023, 2:02:18 AM] server	 employee-route.js - Bad Request. Unable to validate req.body schema against tasksSchema
[4/12/2023, 2:02:42 AM] server	 employee-route.js - Bad Request. Unable to validate req.body schema against tasksSchema
[4/12/2023, 2:15:56 AM] server	 employee-route.js - Bad Request. Unable to validate req.body schema against tasksSchema
[4/12/2023, 2:17:21 AM] server	 employee-route.js - Bad Request. Unable to validate req.body schema against tasksSchema
[4/12/2023, 2:19:21 AM] server	 employee-route.js - Bad Request. Unable to validate req.body schema against tasksSchema
[4/12/2023, 2:19:56 AM] server	 employee-route.js - Bad Request. Unable to validate req.body schema against tasksSchema
[4/12/2023, 2:23:02 AM] server	 employee-route.js - Bad Request. Unable to validate req.body schema against tasksSchema
[4/12/2023, 2:23:45 AM] server	 employee-route.js - Bad Request. Unable to validate req.body schema against tasksSchema
[4/12/2023, 2:26:44 AM] server	 employee-route.js - Bad Request. Unable to validate req.body schema against tasksSchema
[4/12/2023, 2:28:24 AM] server	 employee-route.js - Bad Request. Unable to validate req.body schema against tasksSchema
[4/12/2023, 2:28:52 AM] server	 employee-route.js - Bad Request. Unable to validate req.body schema against tasksSchema
[4/12/2023, 2:30:46 AM] server	 employee-route.js - Bad Request. Unable to validate req.body schema against tasksSchema
[4/12/2023, 2:32:53 AM] server	 employee-route.js - Bad Request. Unable to validate req.body schema against tasksSchema
[4/12/2023, 2:33:21 AM] server	 employee-route.js - Bad Request. Unable to validate req.body schema against tasksSchema
[4/12/2023, 2:33:39 AM] server	 employee-route.js - Bad Request. Unable to validate req.body schema against tasksSchema
[4/12/2023, 2:34:57 AM] server	 employee-route.js - Bad Request. Unable to validate req.body schema against tasksSchema
[4/12/2023, 2:40:28 AM] server	 employee-route.js - Bad Request. Unable to validate req.body schema against tasksSchema
[4/12/2023, 2:40:30 AM] server	 employee-route.js - Bad Request. Unable to validate req.body schema against tasksSchema
[4/12/2023, 2:41:21 AM] server	 employee-route.js - Bad Request. Unable to validate req.body schema against tasksSchema
[4/12/2023, 2:41:27 AM] server	 employee-route.js - Bad Request. Unable to validate req.body schema against tasksSchema
[4/12/2023, 2:41:46 AM] server	 employee-route.js - Bad Request. Unable to validate req.body schema against tasksSchema
[4/12/2023, 2:41:53 AM] server	 employee-route.js - Bad Request. Unable to validate req.body schema against tasksSchema
[4/12/2023, 2:42:08 AM] server	 employee-route.js - Bad Request. Unable to validate req.body schema against tasksSchema
[4/12/2023, 2:42:30 AM] server	 employee-route.js - Bad Request. Unable to validate req.body schema against tasksSchema
[4/12/2023, 2:43:32 AM] server	 employee-route.js - Bad Request. Unable to validate req.body schema against tasksSchema
[4/12/2023, 2:44:37 AM] server	 employee-route.js - Bad Request. Unable to validate req.body schema against tasksSchema
[4/12/2023, 2:50:16 AM] server	 employee-route.js - Bad Request. Unable to validate req.body schema against tasksSchema
[4/12/2023, 2:51:01 AM] server	 employee-route.js - Bad Request. Unable to validate req.body schema against tasksSchema
[4/12/2023, 2:51:03 AM] server	 employee-route.js - Bad Request. Unable to validate req.body schema against tasksSchema
[4/12/2023, 2:51:06 AM] server	 employee-route.js - Bad Request. Unable to validate req.body schema against tasksSchema
[4/12/2023, 2:51:08 AM] server	 employee-route.js - Bad Request. Unable to validate req.body schema against tasksSchema
[4/12/2023, 2:51:29 AM] server	 employee-route.js - Bad Request. Unable to validate req.body schema against tasksSchema
[4/12/2023, 2:51:45 AM] server	 employee-route.js - Bad Request. Unable to validate req.body schema against tasksSchema
[4/12/2023, 2:52:18 AM] server	 employee-route.js - Bad Request. Unable to validate req.body schema against tasksSchema
[4/12/2023, 2:52:38 AM] server	 employee-route.js - Bad Request. Unable to validate req.body schema against tasksSchema
[4/12/2023, 2:52:40 AM] server	 employee-route.js - Bad Request. Unable to validate req.body schema against tasksSchema
[4/12/2023, 2:57:41 AM] server	 employee-route.js - Bad Request. Unable to validate req.body schema against tasksSchema
[4/12/2023, 2:57:43 AM] server	 employee-route.js - Bad Request. Unable to validate req.body schema against tasksSchema
[4/12/2023, 2:57:46 AM] server	 employee-route.js - Bad Request. Unable to validate req.body schema against tasksSchema
[4/12/2023, 2:58:21 AM] server	 employee-route.js - Bad Request. Unable to validate req.body schema against tasksSchema
[4/12/2023, 2:58:23 AM] server	 employee-route.js - Bad Request. Unable to validate req.body schema against tasksSchema
[4/12/2023, 2:58:25 AM] server	 employee-route.js - Bad Request. Unable to validate req.body schema against tasksSchema
[4/12/2023, 2:58:27 AM] server	 employee-route.js - Bad Request. Unable to validate req.body schema against tasksSchema
[4/12/2023, 3:19:38 AM] server	 employee-route.js - Bad Request. Unable to validate req.body schema against tasksSchema
[4/12/2023, 3:19:42 AM] server	 employee-route.js - Bad Request. Unable to validate req.body schema against tasksSchema
[4/12/2023, 3:19:42 AM] server	 employee-route.js - Bad Request. Unable to validate req.body schema against tasksSchema
[4/12/2023, 3:19:48 AM] server	 employee-route.js - Bad Request. Unable to validate req.body schema against tasksSchema
[4/12/2023, 3:20:16 AM] server	 employee-route.js - Bad Request. Unable to validate req.body schema against tasksSchema
[4/12/2023, 3:20:45 AM] server	 employee-route.js - Bad Request. Unable to validate req.body schema against tasksSchema
[4/12/2023, 3:20:45 AM] server	 employee-route.js - Bad Request. Unable to validate req.body schema against tasksSchema
[4/12/2023, 3:20:51 AM] server	 employee-route.js - Bad Request. Unable to validate req.body schema against tasksSchema
[4/12/2023, 3:20:51 AM] server	 employee-route.js - Bad Request. Unable to validate req.body schema against tasksSchema
[4/12/2023, 3:21:32 AM] server	 employee-route.js - Bad Request. Unable to validate req.body schema against tasksSchema
[4/12/2023, 3:21:32 AM] server	 employee-route.js - Bad Request. Unable to validate req.body schema against tasksSchema
[4/12/2023, 3:22:11 AM] server	 employee-route.js - Bad Request. Unable to validate req.body schema against tasksSchema
[4/12/2023, 3:22:11 AM] server	 employee-route.js - Bad Request. Unable to validate req.body schema against tasksSchema
[4/12/2023, 3:23:24 AM] server	 employee-route.js - Bad Request. Unable to validate req.body schema against tasksSchema
[4/12/2023, 3:23:24 AM] server	 employee-route.js - Bad Request. Unable to validate req.body schema against tasksSchema
[4/12/2023, 3:23:48 AM] server	 employee-route.js - Bad Request. Unable to validate req.body schema against tasksSchema
[4/12/2023, 3:23:48 AM] server	 employee-route.js - Bad Request. Unable to validate req.body schema against tasksSchema
[4/12/2023, 3:36:05 AM] server	 employee-route.js - Bad Request. Unable to validate req.body schema against tasksSchema
[4/12/2023, 5:44:57 AM] server	 employee-route.js - Bad Request. Unable to validate req.body schema against tasksSchema
[4/12/2023, 5:45:08 AM] server	 employee-route.js - Bad Request. Unable to validate req.body schema against tasksSchema
[4/12/2023, 5:47:06 AM] server	 employee-route.js - Bad Request. Unable to validate req.body schema against tasksSchema
[4/12/2023, 5:47:09 AM] server	 employee-route.js - Bad Request. Unable to validate req.body schema against tasksSchema
[4/12/2023, 5:49:58 AM] server	 employee-route.js - Bad Request. Unable to validate req.body schema against tasksSchema
[4/12/2023, 5:51:34 AM] server	 employee-route.js - Bad Request. Unable to validate req.body schema against tasksSchema
[4/12/2023, 5:58:44 AM] server	 employee-route.js - Bad Request. Unable to validate req.body schema against tasksSchema
[4/12/2023, 5:58:46 AM] server	 employee-route.js - Bad Request. Unable to validate req.body schema against tasksSchema
[4/12/2023, 5:58:52 AM] server	 employee-route.js - Bad Request. Unable to validate req.body schema against tasksSchema
[4/12/2023, 5:58:56 AM] server	 employee-route.js - Bad Request. Unable to validate req.body schema against tasksSchema
[4/12/2023, 5:59:00 AM] server	 employee-route.js - Bad Request. Unable to validate req.body schema against tasksSchema
[4/12/2023, 5:59:03 AM] server	 employee-route.js - Bad Request. Unable to validate req.body schema against tasksSchema
[4/12/2023, 6:04:10 AM] server	 employee-route.js - Bad Request. Unable to validate req.body schema against tasksSchema
[4/12/2023, 6:05:12 AM] server	 employee-route.js - Bad Request. Unable to validate req.body schema against tasksSchema
[4/12/2023, 6:30:20 AM] server	 employee-route.js - Input must be a number: NaN
[4/12/2023, 6:31:03 AM] server	 employee-route.js - Input must be a number: NaN
[4/12/2023, 6:35:02 AM] server	 employee-route.js - Input must be a number: NaN
[4/12/2023, 6:35:40 AM] server	 employee-route.js - Input must be a number: NaN
[4/12/2023, 6:36:39 AM] server	 employee-route.js - Input must be a number: NaN
[4/12/2023, 6:37:28 AM] server	 employee-route.js - Input must be a number: NaN
[4/12/2023, 6:38:02 AM] server	 employee-route.js - Input must be a number: NaN
[4/12/2023, 6:40:25 AM] server	 employee-route.js - Input must be a number: NaN
[4/12/2023, 6:41:51 AM] server	 employee-route.js - Input must be a number: NaN
[4/12/2023, 6:44:20 AM] server	 employee-route.js - Bad Request. Unable to validate req.body schema against tasksSchema
[4/12/2023, 6:46:34 AM] server	 employee-route.js - Bad Request. Unable to validate req.body schema against tasksSchema
[4/12/2023, 6:46:35 AM] server	 employee-route.js - Bad Request. Unable to validate req.body schema against tasksSchema
[4/12/2023, 6:50:24 AM] server	 employee-route.js - Input must be a number: NaN
[4/12/2023, 6:52:41 AM] server	 employee-route.js - Input must be a number: NaN
[4/12/2023, 6:53:07 AM] server	 employee-route.js - Input must be a number: NaN
[4/12/2023, 6:53:37 AM] server	 employee-route.js - Input must be a number: NaN
[4/12/2023, 6:53:39 AM] server	 employee-route.js - Input must be a number: NaN
[4/12/2023, 6:54:08 AM] server	 employee-route.js - Input must be a number: NaN
[4/12/2023, 6:54:08 AM] server	 employee-route.js - Input must be a number: NaN
[4/12/2023, 6:54:08 AM] server	 employee-route.js - Input must be a number: NaN
[4/12/2023, 6:54:36 AM] server	 employee-route.js - Input must be a number: NaN
[4/12/2023, 6:57:21 AM] server	 employee-route.js - Input must be a number: NaN
[4/12/2023, 7:02:33 AM] server	 employee-route.js - Input must be a number: NaN
[4/12/2023, 7:03:55 AM] server	 employee-route.js - Input must be a number: NaN
[4/12/2023, 7:04:56 AM] server	 employee-route.js - Input must be a number: NaN
[4/12/2023, 7:05:37 AM] server	 employee-route.js - Input must be a number: NaN
[4/12/2023, 7:08:05 AM] server	 employee-route.js - Input must be a number: NaN
[4/12/2023, 7:12:02 AM] server	 employee-route.js - Input must be a number: NaN
[4/12/2023, 7:12:35 AM] server	 employee-route.js - Input must be a number: NaN
[4/12/2023, 7:15:44 AM] server	 employee-route.js - Input must be a number: NaN
[4/12/2023, 7:17:37 AM] server	 employee-route.js - Input must be a number: NaN
[4/12/2023, 7:18:15 AM] server	 employee-route.js - Input must be a number: NaN
[4/12/2023, 7:19:18 AM] server	 employee-route.js - Input must be a number: NaN
[4/12/2023, 7:23:20 AM] server	 employee-route.js - Bad Request. Unable to validate req.body schema against tasksSchema
[4/12/2023, 7:25:51 AM] server	 employee-route.js - Bad Request. Unable to validate req.body schema against tasksSchema
[4/12/2023, 7:27:20 AM] server	 employee-route.js - Bad Request. Unable to validate req.body schema against tasksSchema
[4/12/2023, 7:31:32 AM] server	 employee-route.js - Bad Request. Unable to validate req.body schema against tasksSchema
[4/17/2023, 1:00:30 AM] server	 employee-route.js - NotFoundError: Not Found
[4/17/2023, 1:00:31 AM] server	 employee-route.js - NotFoundError: Not Found
[4/17/2023, 1:36:50 AM] server	 employee-route.js - NotFoundError: Not Found
[4/17/2023, 1:49:11 AM] server	 employee-route.js - NotFoundError: Not Found
[4/17/2023, 1:49:13 AM] server	 employee-route.js - NotFoundError: Not Found
[4/17/2023, 1:49:14 AM] server	 employee-route.js - NotFoundError: Not Found
[4/17/2023, 1:49:14 AM] server	 employee-route.js - NotFoundError: Not Found
[4/17/2023, 2:27:40 AM] server	 employee-route.js - NotFoundError: Not Found
[4/17/2023, 2:27:48 AM] server	 employee-route.js - Bad Request. Unable to validate req.body schema against tasksSchema
[4/17/2023, 2:28:39 AM] server	 employee-route.js - Bad Request. Unable to validate req.body schema against tasksSchema
[4/17/2023, 2:29:51 AM] server	 employee-route.js - Bad Request. Unable to validate req.body schema against tasksSchema
[4/17/2023, 3:02:49 AM] server	 employee-route.js - NotFoundError: Not Found
[4/17/2023, 3:07:11 AM] server	 employee-route.js - NotFoundError: Not Found
[4/17/2023, 3:24:54 AM] server	 employee-route.js - NotFoundError: Not Found
[4/17/2023, 3:33:01 AM] server	 employee-route.js - NotFoundError: Not Found
[4/17/2023, 3:34:30 AM] server	 employee-route.js - NotFoundError: Not Found
[4/17/2023, 3:37:50 AM] server	 employee-route.js - TaskId not found 643ce12b8714678f7be607b8
[4/17/2023, 3:40:57 AM] server	 employee-route.js - NotFoundError: Not Found
